<?xml version="1.0" encoding="UTF-8"?>
<!-- Generated by org.testng.reporters.JUnitReportReporter -->
<testsuite hostname="DESKTOP-7MUP6DN" failures="0" tests="1" name="handleWebElement.WindowHandle" time="22.622" errors="0" timestamp="2022-12-25T18:31:03 BDT" skipped="0">
  <testcase classname="handleWebElement.WindowHandle" name="handleWindow" time="22.622"/>
  <system-out/>
</testsuite> <!-- handleWebElement.WindowHandle -->
